make: Nothing to be done for `default'.

SERIAL: (SIZE: 1000)
Nthreads= 1  ERR= 2.3e-14  INIT:   0.0088s  GAUS:   0.2232s  BSUB:   0.0005s
PARALLEL:
THREADS 1 SIZE 1000
Nthreads= 1  ERR= 2.1e-14  INIT:   0.0096s  GAUS:   0.2069s  BSUB:   0.0011s
THREADS 2 SIZE 1000
Nthreads= 2  ERR= 2.1e-14  INIT:   0.0066s  GAUS:   0.1055s  BSUB:   0.0015s
THREADS 4 SIZE 1000
Nthreads= 4  ERR= 2.7e-14  INIT:   0.0048s  GAUS:   0.0611s  BSUB:   0.0017s
THREADS 8 SIZE 1000
Nthreads= 8  ERR= 2.4e-14  INIT:   0.0050s  GAUS:   0.0366s  BSUB:   0.0023s
THREADS 16 SIZE 1000
Nthreads=16  ERR= 2.4e-14  INIT:   0.0046s  GAUS:   0.0370s  BSUB:   0.0041s

SERIAL: (SIZE: 2000)
Nthreads= 1  ERR= 4.2e-14  INIT:   0.0327s  GAUS:   2.0533s  BSUB:   0.0020s
PARALLEL:
THREADS 1 SIZE 2000
Nthreads= 1  ERR= 3.8e-14  INIT:   0.0372s  GAUS:   1.9918s  BSUB:   0.0032s
THREADS 2 SIZE 2000
Nthreads= 2  ERR= 3.0e-14  INIT:   0.0231s  GAUS:   1.0376s  BSUB:   0.0037s
THREADS 4 SIZE 2000
Nthreads= 4  ERR= 3.7e-14  INIT:   0.0192s  GAUS:   0.6825s  BSUB:   0.0039s
THREADS 8 SIZE 2000
Nthreads= 8  ERR= 3.3e-14  INIT:   0.0208s  GAUS:   0.5226s  BSUB:   0.0051s
THREADS 16 SIZE 2000
Nthreads=16  ERR= 3.4e-14  INIT:   0.0172s  GAUS:   0.5317s  BSUB:   0.0081s

SERIAL: (SIZE: 4000)
Nthreads= 1  ERR= 6.1e-14  INIT:   0.1265s  GAUS:  18.8331s  BSUB:   0.0081s
PARALLEL:
THREADS 1 SIZE 4000
Nthreads= 1  ERR= 5.9e-14  INIT:   0.1445s  GAUS:  18.5932s  BSUB:   0.0107s
THREADS 2 SIZE 4000
Nthreads= 2  ERR= 4.8e-14  INIT:   0.0898s  GAUS:  10.6152s  BSUB:   0.0092s
THREADS 4 SIZE 4000
Nthreads= 4  ERR= 5.4e-14  INIT:   0.0772s  GAUS:   7.7300s  BSUB:   0.0091s
THREADS 8 SIZE 4000
Nthreads= 8  ERR= 5.2e-14  INIT:   0.0821s  GAUS:   7.1573s  BSUB:   0.0113s
THREADS 16 SIZE 4000
Nthreads=16  ERR= 5.3e-14  INIT:   0.0654s  GAUS:   7.2497s  BSUB:   0.0186s

SERIAL: (SIZE: 8000)
Nthreads= 1  ERR= 7.5e-14  INIT:   0.5013s  GAUS: 148.4124s  BSUB:   0.0321s
PARALLEL:
THREADS 1 SIZE 8000
Nthreads= 1  ERR= 7.5e-14  INIT:   0.5774s  GAUS: 148.3118s  BSUB:   0.0375s
THREADS 2 SIZE 8000
Nthreads= 2  ERR= 7.8e-14  INIT:   0.3500s  GAUS:  80.8188s  BSUB:   0.0268s
THREADS 4 SIZE 8000
Nthreads= 4  ERR= 6.2e-14  INIT:   0.2934s  GAUS:  62.7935s  BSUB:   0.0226s
THREADS 8 SIZE 8000
Nthreads= 8  ERR= 6.7e-14  INIT:   0.3260s  GAUS:  59.0827s  BSUB:   0.0242s
THREADS 16 SIZE 8000
Nthreads=16  ERR= 9.1e-14  INIT:   0.2574s  GAUS:  60.5914s  BSUB:   0.0376s
DONE
