make: Nothing to be done for `default'.

SERIAL: (SIZE: 1000)
Nthreads= 1  ERR= 2.3e-14  INIT:   0.0088s  GAUS:   0.2232s  BSUB:   0.0005s
PARALLEL:
THREADS 1 SIZE 1000
Nthreads= 1  ERR= 2.4e-14  INIT:   0.0100s  GAUS:   0.2305s  BSUB:   0.0012s
THREADS 2 SIZE 1000
Nthreads= 2  ERR= 2.5e-14  INIT:   0.0065s  GAUS:   0.1170s  BSUB:   0.0016s
THREADS 4 SIZE 1000
Nthreads= 4  ERR= 2.7e-14  INIT:   0.0053s  GAUS:   0.0645s  BSUB:   0.0017s
THREADS 8 SIZE 1000
Nthreads= 8  ERR= 2.3e-14  INIT:   0.0051s  GAUS:   0.0366s  BSUB:   0.0022s
THREADS 16 SIZE 1000
Nthreads=16  ERR= 2.4e-14  INIT:   0.0044s  GAUS:   0.0370s  BSUB:   0.0030s

SERIAL: (SIZE: 2000)
Nthreads= 1  ERR= 4.2e-14  INIT:   0.0329s  GAUS:   2.0411s  BSUB:   0.0020s
PARALLEL:
THREADS 1 SIZE 2000
Nthreads= 1  ERR= 4.3e-14  INIT:   0.0372s  GAUS:   2.0576s  BSUB:   0.0045s
THREADS 2 SIZE 2000
Nthreads= 2  ERR= 3.6e-14  INIT:   0.0232s  GAUS:   1.0248s  BSUB:   0.0045s
THREADS 4 SIZE 2000
Nthreads= 4  ERR= 3.2e-14  INIT:   0.0190s  GAUS:   0.6592s  BSUB:   0.0044s
THREADS 8 SIZE 2000
Nthreads= 8  ERR= 3.7e-14  INIT:   0.0208s  GAUS:   0.5172s  BSUB:   0.0048s
THREADS 16 SIZE 2000
Nthreads=16  ERR= 4.7e-14  INIT:   0.0171s  GAUS:   0.5116s  BSUB:   0.0062s

SERIAL: (SIZE: 4000)
Nthreads= 1  ERR= 6.1e-14  INIT:   0.1266s  GAUS:  18.8370s  BSUB:   0.0081s
PARALLEL:
THREADS 1 SIZE 4000
Nthreads= 1  ERR= 5.7e-14  INIT:   0.1450s  GAUS:  18.7346s  BSUB:   0.0253s
THREADS 2 SIZE 4000
Nthreads= 2  ERR= 5.9e-14  INIT:   0.0883s  GAUS:  10.0909s  BSUB:   0.0161s
THREADS 4 SIZE 4000
Nthreads= 4  ERR= 5.3e-14  INIT:   0.0725s  GAUS:   7.7358s  BSUB:   0.0110s
THREADS 8 SIZE 4000
Nthreads= 8  ERR= 5.0e-14  INIT:   0.0826s  GAUS:   7.0989s  BSUB:   0.0110s
THREADS 16 SIZE 4000
Nthreads=16  ERR= 6.1e-14  INIT:   0.0653s  GAUS:   7.2095s  BSUB:   0.0138s

SERIAL: (SIZE: 8000)
Nthreads= 1  ERR= 7.5e-14  INIT:   0.5012s  GAUS: 148.4940s  BSUB:   0.0321s
PARALLEL:
THREADS 1 SIZE 8000
Nthreads= 1  ERR= 8.1e-14  INIT:   0.5709s  GAUS: 147.6786s  BSUB:   0.1022s
THREADS 2 SIZE 8000
Nthreads= 2  ERR= 8.9e-14  INIT:   0.3463s  GAUS:  81.1577s  BSUB:   0.0602s
THREADS 4 SIZE 8000
Nthreads= 4  ERR= 7.6e-14  INIT:   0.3104s  GAUS:  62.8510s  BSUB:   0.0390s
THREADS 8 SIZE 8000
Nthreads= 8  ERR= 9.2e-14  INIT:   0.3281s  GAUS:  59.2460s  BSUB:   0.0303s
THREADS 16 SIZE 8000
Nthreads=16  ERR= 9.2e-14  INIT:   0.2566s  GAUS:  60.5874s  BSUB:   0.0365s
DONE
