make: Nothing to be done for `default'.

SERIAL: (SIZE: 1000)
Nthreads= 1  ERR= 2.3e-14  INIT:   0.0089s  GAUS:   0.2257s  BSUB:   0.0005s
PARALLEL:
THREADS 1 SIZE 1000
Nthreads= 1  ERR= 2.4e-14  INIT:   0.0096s  GAUS:   0.2301s  BSUB:   0.0005s
THREADS 2 SIZE 1000
Nthreads= 2  ERR= 2.2e-14  INIT:   0.0065s  GAUS:   0.1167s  BSUB:   0.0006s
THREADS 4 SIZE 1000
Nthreads= 4  ERR= 2.1e-14  INIT:   0.0054s  GAUS:   0.0650s  BSUB:   0.0006s
THREADS 8 SIZE 1000
Nthreads= 8  ERR= 2.4e-14  INIT:   0.0051s  GAUS:   0.0366s  BSUB:   0.0006s
THREADS 16 SIZE 1000
Nthreads=16  ERR= 2.6e-14  INIT:   0.0045s  GAUS:   0.0370s  BSUB:   0.0009s

SERIAL: (SIZE: 2000)
Nthreads= 1  ERR= 4.2e-14  INIT:   0.0327s  GAUS:   2.0436s  BSUB:   0.0020s
PARALLEL:
THREADS 1 SIZE 2000
Nthreads= 1  ERR= 4.3e-14  INIT:   0.0374s  GAUS:   2.1330s  BSUB:   0.0033s
THREADS 2 SIZE 2000
Nthreads= 2  ERR= 3.7e-14  INIT:   0.0228s  GAUS:   1.0279s  BSUB:   0.0032s
THREADS 4 SIZE 2000
Nthreads= 4  ERR= 3.5e-14  INIT:   0.0190s  GAUS:   0.7113s  BSUB:   0.0034s
THREADS 8 SIZE 2000
Nthreads= 8  ERR= 3.5e-14  INIT:   0.0208s  GAUS:   0.5159s  BSUB:   0.0035s
THREADS 16 SIZE 2000
Nthreads=16  ERR= 3.7e-14  INIT:   0.0174s  GAUS:   0.5164s  BSUB:   0.0042s

SERIAL: (SIZE: 4000)
Nthreads= 1  ERR= 6.1e-14  INIT:   0.1268s  GAUS:  18.8591s  BSUB:   0.0081s
PARALLEL:
THREADS 1 SIZE 4000
Nthreads= 1  ERR= 5.7e-14  INIT:   0.1436s  GAUS:  18.6221s  BSUB:   0.0224s
THREADS 2 SIZE 4000
Nthreads= 2  ERR= 6.4e-14  INIT:   0.0891s  GAUS:  10.4322s  BSUB:   0.0224s
THREADS 4 SIZE 4000
Nthreads= 4  ERR= 5.0e-14  INIT:   0.0794s  GAUS:   7.9739s  BSUB:   0.0224s
THREADS 8 SIZE 4000
Nthreads= 8  ERR= 5.5e-14  INIT:   0.0829s  GAUS:   7.1124s  BSUB:   0.0223s
THREADS 16 SIZE 4000
Nthreads=16  ERR= 5.9e-14  INIT:   0.0654s  GAUS:   7.2943s  BSUB:   0.0231s

SERIAL: (SIZE: 8000)
Nthreads= 1  ERR= 7.5e-14  INIT:   0.5014s  GAUS: 148.7491s  BSUB:   0.0321s
PARALLEL:
THREADS 1 SIZE 8000
Nthreads= 1  ERR= 8.1e-14  INIT:   0.5712s  GAUS: 148.1902s  BSUB:   0.0967s
THREADS 2 SIZE 8000
Nthreads= 2  ERR= 7.8e-14  INIT:   0.3563s  GAUS:  81.5350s  BSUB:   0.0968s
THREADS 4 SIZE 8000
Nthreads= 4  ERR= 7.3e-14  INIT:   0.2875s  GAUS:  62.8807s  BSUB:   0.0968s
THREADS 8 SIZE 8000
Nthreads= 8  ERR= 6.8e-14  INIT:   0.3271s  GAUS:  59.2451s  BSUB:   0.0970s
THREADS 16 SIZE 8000
Nthreads=16  ERR= 9.0e-14  INIT:   0.2565s  GAUS:  60.7626s  BSUB:   0.0972s
DONE
