make: Nothing to be done for `default'.

SERIAL: (SIZE: 1000)
Nthreads= 1  ERR= 2.3e-14  INIT:   0.0089s  GAUS:   0.2373s  BSUB:   0.0005s
PARALLEL:
THREADS 1 SIZE 1000
Nthreads= 1  ERR= 2.4e-14  INIT:   0.0097s  GAUS:   0.2302s  BSUB:   0.0006s
THREADS 2 SIZE 1000
Nthreads= 2  ERR= 2.4e-14  INIT:   0.0061s  GAUS:   0.1171s  BSUB:   0.0006s
THREADS 4 SIZE 1000
Nthreads= 4  ERR= 2.0e-14  INIT:   0.0052s  GAUS:   0.0651s  BSUB:   0.0006s
THREADS 8 SIZE 1000
Nthreads= 8  ERR= 2.3e-14  INIT:   0.0051s  GAUS:   0.0373s  BSUB:   0.0007s
THREADS 16 SIZE 1000
Nthreads=16  ERR= 2.7e-14  INIT:   0.0044s  GAUS:   0.0369s  BSUB:   0.0009s

SERIAL: (SIZE: 2000)
Nthreads= 1  ERR= 4.2e-14  INIT:   0.0321s  GAUS:   2.0357s  BSUB:   0.0020s
PARALLEL:
THREADS 1 SIZE 2000
Nthreads= 1  ERR= 4.3e-14  INIT:   0.0371s  GAUS:   2.2601s  BSUB:   0.0033s
THREADS 2 SIZE 2000
Nthreads= 2  ERR= 3.2e-14  INIT:   0.0234s  GAUS:   1.0269s  BSUB:   0.0032s
THREADS 4 SIZE 2000
Nthreads= 4  ERR= 3.9e-14  INIT:   0.0203s  GAUS:   0.7245s  BSUB:   0.0034s
THREADS 8 SIZE 2000
Nthreads= 8  ERR= 3.3e-14  INIT:   0.0208s  GAUS:   0.5211s  BSUB:   0.0036s
THREADS 16 SIZE 2000
Nthreads=16  ERR= 3.2e-14  INIT:   0.0172s  GAUS:   0.5183s  BSUB:   0.0043s

SERIAL: (SIZE: 4000)
Nthreads= 1  ERR= 6.1e-14  INIT:   0.1267s  GAUS:  18.7759s  BSUB:   0.0081s
PARALLEL:
THREADS 1 SIZE 4000
Nthreads= 1  ERR= 5.7e-14  INIT:   0.1441s  GAUS:  18.5850s  BSUB:   0.0221s
THREADS 2 SIZE 4000
Nthreads= 2  ERR= 6.4e-14  INIT:   0.0881s  GAUS:  10.1528s  BSUB:   0.0223s
THREADS 4 SIZE 4000
Nthreads= 4  ERR= 5.4e-14  INIT:   0.0779s  GAUS:   7.8113s  BSUB:   0.0224s
THREADS 8 SIZE 4000
Nthreads= 8  ERR= 6.0e-14  INIT:   0.0824s  GAUS:   7.1363s  BSUB:   0.0223s
THREADS 16 SIZE 4000
Nthreads=16  ERR= 5.4e-14  INIT:   0.0654s  GAUS:   7.2842s  BSUB:   0.0228s

SERIAL: (SIZE: 8000)
Nthreads= 1  ERR= 7.5e-14  INIT:   0.5020s  GAUS: 148.5517s  BSUB:   0.0321s
PARALLEL:
THREADS 1 SIZE 8000
Nthreads= 1  ERR= 8.1e-14  INIT:   0.5752s  GAUS: 148.2854s  BSUB:   0.0966s
THREADS 2 SIZE 8000
Nthreads= 2  ERR= 7.6e-14  INIT:   0.3508s  GAUS:  81.3185s  BSUB:   0.0979s
THREADS 4 SIZE 8000
Nthreads= 4  ERR= 7.9e-14  INIT:   0.2930s  GAUS:  62.9544s  BSUB:   0.0979s
THREADS 8 SIZE 8000
Nthreads= 8  ERR= 7.5e-14  INIT:   0.3275s  GAUS:  59.1666s  BSUB:   0.0967s
THREADS 16 SIZE 8000
Nthreads=16  ERR= 8.9e-14  INIT:   0.2568s  GAUS:  60.6733s  BSUB:   0.0987s
DONE
