make: Nothing to be done for `default'.

SERIAL: (SIZE: 1000)
Nthreads= 1  ERR= 2.3e-14  INIT:   0.0088s  GAUS:   0.2234s  BSUB:   0.0005s
PARALLEL:
THREADS 1 SIZE 1000
Nthreads= 1  ERR= 2.4e-14  INIT:   0.0095s  GAUS:   0.2067s  BSUB:   0.0012s
THREADS 2 SIZE 1000
Nthreads= 2  ERR= 2.4e-14  INIT:   0.0061s  GAUS:   0.1049s  BSUB:   0.0016s
THREADS 4 SIZE 1000
Nthreads= 4  ERR= 2.4e-14  INIT:   0.0049s  GAUS:   0.0645s  BSUB:   0.0017s
THREADS 8 SIZE 1000
Nthreads= 8  ERR= 2.2e-14  INIT:   0.0052s  GAUS:   0.0366s  BSUB:   0.0022s
THREADS 16 SIZE 1000
Nthreads=16  ERR= 2.5e-14  INIT:   0.0044s  GAUS:   0.0370s  BSUB:   0.0030s

SERIAL: (SIZE: 2000)
Nthreads= 1  ERR= 4.2e-14  INIT:   0.0334s  GAUS:   2.0516s  BSUB:   0.0020s
PARALLEL:
THREADS 1 SIZE 2000
Nthreads= 1  ERR= 4.3e-14  INIT:   0.0362s  GAUS:   1.9611s  BSUB:   0.0045s
THREADS 2 SIZE 2000
Nthreads= 2  ERR= 4.2e-14  INIT:   0.0231s  GAUS:   1.0405s  BSUB:   0.0046s
THREADS 4 SIZE 2000
Nthreads= 4  ERR= 4.1e-14  INIT:   0.0209s  GAUS:   0.6952s  BSUB:   0.0044s
THREADS 8 SIZE 2000
Nthreads= 8  ERR= 3.8e-14  INIT:   0.0208s  GAUS:   0.5379s  BSUB:   0.0048s
THREADS 16 SIZE 2000
Nthreads=16  ERR= 4.3e-14  INIT:   0.0172s  GAUS:   0.5211s  BSUB:   0.0062s

SERIAL: (SIZE: 4000)
Nthreads= 1  ERR= 6.1e-14  INIT:   0.1255s  GAUS:  18.7976s  BSUB:   0.0081s
PARALLEL:
THREADS 1 SIZE 4000
Nthreads= 1  ERR= 5.7e-14  INIT:   0.1441s  GAUS:  18.5008s  BSUB:   0.0250s
THREADS 2 SIZE 4000
Nthreads= 2  ERR= 5.4e-14  INIT:   0.0881s  GAUS:  10.1497s  BSUB:   0.0160s
THREADS 4 SIZE 4000
Nthreads= 4  ERR= 5.7e-14  INIT:   0.0783s  GAUS:   7.9083s  BSUB:   0.0108s
THREADS 8 SIZE 4000
Nthreads= 8  ERR= 5.6e-14  INIT:   0.0824s  GAUS:   7.2023s  BSUB:   0.0110s
THREADS 16 SIZE 4000
Nthreads=16  ERR= 5.5e-14  INIT:   0.0652s  GAUS:   7.3227s  BSUB:   0.0140s

SERIAL: (SIZE: 8000)
Nthreads= 1  ERR= 7.5e-14  INIT:   0.5007s  GAUS: 148.6495s  BSUB:   0.0320s
PARALLEL:
THREADS 1 SIZE 8000
Nthreads= 1  ERR= 8.1e-14  INIT:   0.5713s  GAUS: 148.0055s  BSUB:   0.1020s
THREADS 2 SIZE 8000
Nthreads= 2  ERR= 9.2e-14  INIT:   0.3513s  GAUS:  81.2164s  BSUB:   0.0583s
THREADS 4 SIZE 8000
Nthreads= 4  ERR= 7.3e-14  INIT:   0.2794s  GAUS:  62.6014s  BSUB:   0.0390s
THREADS 8 SIZE 8000
Nthreads= 8  ERR= 7.7e-14  INIT:   0.3268s  GAUS:  59.1609s  BSUB:   0.0306s
THREADS 16 SIZE 8000
Nthreads=16  ERR= 1.0e-13  INIT:   0.2573s  GAUS:  60.6590s  BSUB:   0.0365s
DONE
