make: Nothing to be done for `default'.

SERIAL: (SIZE: 1000)
Nthreads= 1  ERR= 2.3e-14  INIT:   0.0094s  GAUS:   0.2374s  BSUB:   0.0005s
PARALLEL:
THREADS 1 SIZE 1000
Nthreads= 1  ERR= 2.4e-14  INIT:   0.0099s  GAUS:   0.2072s  BSUB:   0.0012s
THREADS 2 SIZE 1000
Nthreads= 2  ERR= 2.5e-14  INIT:   0.0065s  GAUS:   0.1171s  BSUB:   0.0016s
THREADS 4 SIZE 1000
Nthreads= 4  ERR= 2.7e-14  INIT:   0.0046s  GAUS:   0.0648s  BSUB:   0.0017s
THREADS 8 SIZE 1000
Nthreads= 8  ERR= 2.7e-14  INIT:   0.0049s  GAUS:   0.0367s  BSUB:   0.0021s
THREADS 16 SIZE 1000
Nthreads=16  ERR= 2.3e-14  INIT:   0.0043s  GAUS:   0.0370s  BSUB:   0.0030s

SERIAL: (SIZE: 2000)
Nthreads= 1  ERR= 4.2e-14  INIT:   0.0339s  GAUS:   2.0662s  BSUB:   0.0020s
PARALLEL:
THREADS 1 SIZE 2000
Nthreads= 1  ERR= 4.3e-14  INIT:   0.0371s  GAUS:   1.9864s  BSUB:   0.0045s
THREADS 2 SIZE 2000
Nthreads= 2  ERR= 4.3e-14  INIT:   0.0233s  GAUS:   1.0503s  BSUB:   0.0046s
THREADS 4 SIZE 2000
Nthreads= 4  ERR= 3.6e-14  INIT:   0.0190s  GAUS:   0.7255s  BSUB:   0.0044s
THREADS 8 SIZE 2000
Nthreads= 8  ERR= 3.6e-14  INIT:   0.0208s  GAUS:   0.5327s  BSUB:   0.0048s
THREADS 16 SIZE 2000
Nthreads=16  ERR= 3.4e-14  INIT:   0.0175s  GAUS:   0.5204s  BSUB:   0.0062s

SERIAL: (SIZE: 4000)
Nthreads= 1  ERR= 6.1e-14  INIT:   0.1268s  GAUS:  18.8053s  BSUB:   0.0081s
PARALLEL:
THREADS 1 SIZE 4000
Nthreads= 1  ERR= 5.7e-14  INIT:   0.1439s  GAUS:  18.5806s  BSUB:   0.0250s
THREADS 2 SIZE 4000
Nthreads= 2  ERR= 5.4e-14  INIT:   0.0886s  GAUS:  10.1261s  BSUB:   0.0160s
THREADS 4 SIZE 4000
Nthreads= 4  ERR= 4.9e-14  INIT:   0.0730s  GAUS:   7.7904s  BSUB:   0.0111s
THREADS 8 SIZE 4000
Nthreads= 8  ERR= 5.9e-14  INIT:   0.0833s  GAUS:   7.1831s  BSUB:   0.0109s
THREADS 16 SIZE 4000
Nthreads=16  ERR= 5.4e-14  INIT:   0.0650s  GAUS:   7.2317s  BSUB:   0.0139s

SERIAL: (SIZE: 8000)
Nthreads= 1  ERR= 7.5e-14  INIT:   0.5014s  GAUS: 148.6452s  BSUB:   0.0321s
PARALLEL:
THREADS 1 SIZE 8000
Nthreads= 1  ERR= 8.1e-14  INIT:   0.5718s  GAUS: 147.9087s  BSUB:   0.1020s
THREADS 2 SIZE 8000
Nthreads= 2  ERR= 7.6e-14  INIT:   0.3458s  GAUS:  81.0695s  BSUB:   0.0599s
THREADS 4 SIZE 8000
Nthreads= 4  ERR= 8.6e-14  INIT:   0.2883s  GAUS:  62.9474s  BSUB:   0.0378s
THREADS 8 SIZE 8000
Nthreads= 8  ERR= 6.9e-14  INIT:   0.3263s  GAUS:  59.2037s  BSUB:   0.0300s
THREADS 16 SIZE 8000
Nthreads=16  ERR= 8.2e-14  INIT:   0.2568s  GAUS:  60.6209s  BSUB:   0.0359s
DONE
