make: Nothing to be done for `default'.

SERIAL: (SIZE: 1000)
Nthreads= 1  ERR= 2.3e-14  INIT:   0.0089s  GAUS:   0.2253s  BSUB:   0.0005s
PARALLEL:
THREADS 1 SIZE 1000
Nthreads= 1  ERR= 2.1e-14  INIT:   0.0095s  GAUS:   0.2072s  BSUB:   0.0011s
THREADS 2 SIZE 1000
Nthreads= 2  ERR= 2.4e-14  INIT:   0.0062s  GAUS:   0.1171s  BSUB:   0.0015s
THREADS 4 SIZE 1000
Nthreads= 4  ERR= 2.2e-14  INIT:   0.0049s  GAUS:   0.0653s  BSUB:   0.0017s
THREADS 8 SIZE 1000
Nthreads= 8  ERR= 2.6e-14  INIT:   0.0052s  GAUS:   0.0367s  BSUB:   0.0025s
THREADS 16 SIZE 1000
Nthreads=16  ERR= 2.1e-14  INIT:   0.0045s  GAUS:   0.0370s  BSUB:   0.0041s

SERIAL: (SIZE: 2000)
Nthreads= 1  ERR= 4.2e-14  INIT:   0.0327s  GAUS:   2.0402s  BSUB:   0.0020s
PARALLEL:
THREADS 1 SIZE 2000
Nthreads= 1  ERR= 3.8e-14  INIT:   0.0372s  GAUS:   2.0432s  BSUB:   0.0032s
THREADS 2 SIZE 2000
Nthreads= 2  ERR= 3.0e-14  INIT:   0.0234s  GAUS:   1.0566s  BSUB:   0.0037s
THREADS 4 SIZE 2000
Nthreads= 4  ERR= 3.6e-14  INIT:   0.0191s  GAUS:   0.7123s  BSUB:   0.0039s
THREADS 8 SIZE 2000
Nthreads= 8  ERR= 3.2e-14  INIT:   0.0207s  GAUS:   0.5200s  BSUB:   0.0053s
THREADS 16 SIZE 2000
Nthreads=16  ERR= 3.4e-14  INIT:   0.0171s  GAUS:   0.5179s  BSUB:   0.0085s

SERIAL: (SIZE: 4000)
Nthreads= 1  ERR= 6.1e-14  INIT:   0.1262s  GAUS:  18.7670s  BSUB:   0.0081s
PARALLEL:
THREADS 1 SIZE 4000
Nthreads= 1  ERR= 5.9e-14  INIT:   0.1440s  GAUS:  18.5002s  BSUB:   0.0107s
THREADS 2 SIZE 4000
Nthreads= 2  ERR= 5.2e-14  INIT:   0.0880s  GAUS:  10.1311s  BSUB:   0.0092s
THREADS 4 SIZE 4000
Nthreads= 4  ERR= 4.8e-14  INIT:   0.0741s  GAUS:   7.7092s  BSUB:   0.0091s
THREADS 8 SIZE 4000
Nthreads= 8  ERR= 5.1e-14  INIT:   0.0826s  GAUS:   7.1892s  BSUB:   0.0110s
THREADS 16 SIZE 4000
Nthreads=16  ERR= 5.7e-14  INIT:   0.0653s  GAUS:   7.2842s  BSUB:   0.0178s

SERIAL: (SIZE: 8000)
Nthreads= 1  ERR= 7.5e-14  INIT:   0.5003s  GAUS: 148.5095s  BSUB:   0.0320s
PARALLEL:
THREADS 1 SIZE 8000
Nthreads= 1  ERR= 7.5e-14  INIT:   0.5749s  GAUS: 148.3540s  BSUB:   0.0374s
THREADS 2 SIZE 8000
Nthreads= 2  ERR= 8.3e-14  INIT:   0.3513s  GAUS:  81.6490s  BSUB:   0.0268s
THREADS 4 SIZE 8000
Nthreads= 4  ERR= 6.5e-14  INIT:   0.3048s  GAUS:  62.7005s  BSUB:   0.0226s
THREADS 8 SIZE 8000
Nthreads= 8  ERR= 7.5e-14  INIT:   0.3268s  GAUS:  59.2283s  BSUB:   0.0242s
THREADS 16 SIZE 8000
Nthreads=16  ERR= 9.8e-14  INIT:   0.2568s  GAUS:  60.5638s  BSUB:   0.0372s
DONE
