make: Nothing to be done for `default'.

SERIAL: (SIZE: 1000)
Nthreads= 1  ERR= 2.3e-14  INIT:   0.0089s  GAUS:   0.2374s  BSUB:   0.0005s
PARALLEL:
THREADS 1 SIZE 1000
Nthreads= 1  ERR= 2.1e-14  INIT:   0.0093s  GAUS:   0.2300s  BSUB:   0.0011s
THREADS 2 SIZE 1000
Nthreads= 2  ERR= 2.1e-14  INIT:   0.0065s  GAUS:   0.1170s  BSUB:   0.0015s
THREADS 4 SIZE 1000
Nthreads= 4  ERR= 2.2e-14  INIT:   0.0052s  GAUS:   0.0646s  BSUB:   0.0017s
THREADS 8 SIZE 1000
Nthreads= 8  ERR= 2.1e-14  INIT:   0.0050s  GAUS:   0.0366s  BSUB:   0.0025s
THREADS 16 SIZE 1000
Nthreads=16  ERR= 2.7e-14  INIT:   0.0043s  GAUS:   0.0370s  BSUB:   0.0039s

SERIAL: (SIZE: 2000)
Nthreads= 1  ERR= 4.2e-14  INIT:   0.0331s  GAUS:   2.0372s  BSUB:   0.0020s
PARALLEL:
THREADS 1 SIZE 2000
Nthreads= 1  ERR= 3.8e-14  INIT:   0.0372s  GAUS:   1.9625s  BSUB:   0.0032s
THREADS 2 SIZE 2000
Nthreads= 2  ERR= 3.3e-14  INIT:   0.0230s  GAUS:   1.1763s  BSUB:   0.0037s
THREADS 4 SIZE 2000
Nthreads= 4  ERR= 3.3e-14  INIT:   0.0192s  GAUS:   0.7167s  BSUB:   0.0039s
THREADS 8 SIZE 2000
Nthreads= 8  ERR= 3.1e-14  INIT:   0.0208s  GAUS:   0.5039s  BSUB:   0.0052s
THREADS 16 SIZE 2000
Nthreads=16  ERR= 3.3e-14  INIT:   0.0172s  GAUS:   0.5104s  BSUB:   0.0083s

SERIAL: (SIZE: 4000)
Nthreads= 1  ERR= 6.1e-14  INIT:   0.1264s  GAUS:  18.8466s  BSUB:   0.0081s
PARALLEL:
THREADS 1 SIZE 4000
Nthreads= 1  ERR= 5.9e-14  INIT:   0.1440s  GAUS:  18.6593s  BSUB:   0.0107s
THREADS 2 SIZE 4000
Nthreads= 2  ERR= 5.7e-14  INIT:   0.0877s  GAUS:  10.2475s  BSUB:   0.0093s
THREADS 4 SIZE 4000
Nthreads= 4  ERR= 5.0e-14  INIT:   0.0739s  GAUS:   7.7233s  BSUB:   0.0090s
THREADS 8 SIZE 4000
Nthreads= 8  ERR= 5.0e-14  INIT:   0.0822s  GAUS:   7.1439s  BSUB:   0.0110s
THREADS 16 SIZE 4000
Nthreads=16  ERR= 5.5e-14  INIT:   0.0653s  GAUS:   7.3092s  BSUB:   0.0184s

SERIAL: (SIZE: 8000)
Nthreads= 1  ERR= 7.5e-14  INIT:   0.5010s  GAUS: 148.9146s  BSUB:   0.0321s
PARALLEL:
THREADS 1 SIZE 8000
Nthreads= 1  ERR= 8.1e-14  INIT:   0.5715s  GAUS: 148.3128s  BSUB:   0.1021s
THREADS 2 SIZE 8000
Nthreads= 2  ERR= 7.7e-14  INIT:   0.3554s  GAUS:  81.4058s  BSUB:   0.0600s
THREADS 4 SIZE 8000
Nthreads= 4  ERR= 7.4e-14  INIT:   0.2907s  GAUS:  62.9663s  BSUB:   0.0380s
THREADS 8 SIZE 8000
Nthreads= 8  ERR= 9.0e-14  INIT:   0.3275s  GAUS:  59.2285s  BSUB:   0.0306s
THREADS 16 SIZE 8000
Nthreads=16  ERR= 8.1e-14  INIT:   0.2573s  GAUS:  60.6401s  BSUB:   0.0363s
DONE
